<?xml version="1.0" encoding="UTF-8"?>
<!-- Generated by org.testng.reporters.JUnitXMLReporter -->
<testsuite ignored="0" hostname="VDDK35X-5KH86ZT" failures="0" tests="6" name="Default test" time="5.982" errors="0" timestamp="2021-12-28T02:03:00 PST">
  <testcase classname="BDD.Testcases" name="DeletTest" time="2.075"/>
  <testcase classname="BDD.Testcases" name="gettest" time="1.237"/>
  <testcase classname="BDD.Testcases" name="posttest" time="0.464"/>
  <testcase classname="BDD.Testcases" name="posttest1" time="0.454"/>
  <testcase classname="BDD.Testcases" name="puttest" time="0.371"/>
  <testcase classname="BDD.Testcases" name="puttest1" time="0.374"/>
</testsuite> <!-- Default test -->
