<?xml version="1.0" encoding="UTF-8"?>
<testng-results ignored="0" total="6" passed="6" failed="0" skipped="0">
  <reporter-output>
  </reporter-output>
  <suite started-at="2021-12-28T02:09:07 PST" name="Suite" finished-at="2021-12-28T02:09:13 PST" duration-ms="5820">
    <groups>
    </groups>
    <test started-at="2021-12-28T02:09:07 PST" name="Test" finished-at="2021-12-28T02:09:13 PST" duration-ms="5820">
      <class name="BDD.Testcases">
        <test-method is-config="true" signature="postprereq()[pri:0, instance:BDD.Testcases@e056f20]" started-at="2021-12-28T02:09:07 PST" name="postprereq" finished-at="2021-12-28T02:09:08 PST" duration-ms="812" status="PASS">
          <reporter-output>
          </reporter-output>
        </test-method> <!-- postprereq -->
        <test-method signature="DeletTest()[pri:0, instance:BDD.Testcases@e056f20]" started-at="2021-12-28T02:09:08 PST" name="DeletTest" finished-at="2021-12-28T02:09:10 PST" duration-ms="2026" status="PASS">
          <reporter-output>
          </reporter-output>
        </test-method> <!-- DeletTest -->
        <test-method signature="gettest()[pri:0, instance:BDD.Testcases@e056f20]" started-at="2021-12-28T02:09:10 PST" name="gettest" finished-at="2021-12-28T02:09:11 PST" duration-ms="1284" status="PASS">
          <reporter-output>
          </reporter-output>
        </test-method> <!-- gettest -->
        <test-method signature="posttest()[pri:0, instance:BDD.Testcases@e056f20]" started-at="2021-12-28T02:09:11 PST" name="posttest" finished-at="2021-12-28T02:09:12 PST" duration-ms="410" status="PASS">
          <reporter-output>
          </reporter-output>
        </test-method> <!-- posttest -->
        <test-method signature="posttest1()[pri:0, instance:BDD.Testcases@e056f20]" started-at="2021-12-28T02:09:12 PST" name="posttest1" finished-at="2021-12-28T02:09:12 PST" duration-ms="365" status="PASS">
          <reporter-output>
          </reporter-output>
        </test-method> <!-- posttest1 -->
        <test-method signature="puttest()[pri:0, instance:BDD.Testcases@e056f20]" started-at="2021-12-28T02:09:12 PST" name="puttest" finished-at="2021-12-28T02:09:13 PST" duration-ms="430" status="PASS">
          <reporter-output>
          </reporter-output>
        </test-method> <!-- puttest -->
        <test-method signature="puttest1()[pri:0, instance:BDD.Testcases@e056f20]" started-at="2021-12-28T02:09:13 PST" name="puttest1" finished-at="2021-12-28T02:09:13 PST" duration-ms="428" status="PASS">
          <reporter-output>
          </reporter-output>
        </test-method> <!-- puttest1 -->
      </class> <!-- BDD.Testcases -->
    </test> <!-- Test -->
  </suite> <!-- Suite -->
</testng-results>
