<?xml version="1.0" encoding="UTF-8"?>
<!-- Generated by org.testng.reporters.JUnitXMLReporter -->
<testsuite ignored="0" hostname="VDDK35X-5KH86ZT" failures="0" tests="6" name="Test" time="5.82" errors="0" timestamp="2021-12-28T02:09:13 PST">
  <testcase classname="BDD.Testcases" name="DeletTest" time="2.026"/>
  <testcase classname="BDD.Testcases" name="gettest" time="1.284"/>
  <testcase classname="BDD.Testcases" name="posttest" time="0.41"/>
  <testcase classname="BDD.Testcases" name="posttest1" time="0.365"/>
  <testcase classname="BDD.Testcases" name="puttest" time="0.43"/>
  <testcase classname="BDD.Testcases" name="puttest1" time="0.428"/>
</testsuite> <!-- Test -->
